{"C:\\Users\\kolmy\\OneDrive\\Рабочий стол\\phoneFormatter\\src\\phoneFormatter.js": {"path":"C:\\Users\\kolmy\\OneDrive\\Рабочий стол\\phoneFormatter\\src\\phoneFormatter.js","statementMap":{"0":{"start":{"line":4,"column":20},"end":{"line":4,"column":49}},"1":{"start":{"line":6,"column":4},"end":{"line":8,"column":5}},"2":{"start":{"line":7,"column":6},"end":{"line":7,"column":41}},"3":{"start":{"line":9,"column":4},"end":{"line":9,"column":19}}},"fnMap":{"0":{"name":"(anonymous_0)","decl":{"start":{"line":2,"column":2},"end":{"line":2,"column":3}},"loc":{"start":{"line":2,"column":35},"end":{"line":10,"column":3}},"line":2}},"branchMap":{"0":{"loc":{"start":{"line":6,"column":4},"end":{"line":8,"column":5}},"type":"if","locations":[{"start":{"line":6,"column":4},"end":{"line":8,"column":5}},{"start":{},"end":{}}],"line":6}},"s":{"0":3,"1":3,"2":1,"3":2},"f":{"0":3},"b":{"0":[1,2]},"_coverageSchema":"1a1c01bbd47fc00a2c39e90264f33305004495a9","hash":"421ce8ab465aa74c6f2927e32b2b7d2f044b9be8"}
}
